# JRE version: Java(TM) SE Runtime Environment (8.0_45-b15) (build 1.8.0_45-b15)
# Java VM: Java HotSpot(TM) 64-Bit Server VM (25.45-b02 mixed mode windows-amd64 compressed oops)
Heap:
 PSYoungGen      total 374784K, used 17263K [0x000000076b400000, 0x0000000783e00000, 0x00000007c0000000)
  eden space 357888K, 4% used [0x000000076b400000,0x000000076c4dbcc8,0x0000000781180000)
  from space 16896K, 0% used [0x0000000782d80000,0x0000000782d80000,0x0000000783e00000)
  to   space 18944K, 0% used [0x0000000781900000,0x0000000781900000,0x0000000782b80000)
 ParOldGen       total 219648K, used 28287K [0x00000006c1c00000, 0x00000006cf280000, 0x000000076b400000)
  object space 219648K, 12% used [0x00000006c1c00000,0x00000006c379fc90,0x00000006cf280000)
 Metaspace       used 56317K, capacity 59162K, committed 59392K, reserved 1099776K
  class space    used 7643K, capacity 8158K, committed 8192K, reserved 1048576K
GC Heap History (10 events):
Event: 4.663 GC heap before
{Heap before GC invocations=9 (full 1):
 PSYoungGen      total 206848K, used 104683K [0x000000076b400000, 0x000000077e780000, 0x00000007c0000000)
  eden space 197120K, 48% used [0x000000076b400000,0x00000007710bf090,0x0000000777480000)
  from space 9728K, 99% used [0x0000000777480000,0x0000000777dfbc58,0x0000000777e00000)
  to   space 12288K, 0% used [0x000000077db80000,0x000000077db80000,0x000000077e780000)
 ParOldGen       total 102912K, used 10464K [0x00000006c1c00000, 0x00000006c8080000, 0x000000076b400000)
  object space 102912K, 10% used [0x00000006c1c00000,0x00000006c2638218,0x00000006c8080000)
 Metaspace       used 33679K, capacity 35450K, committed 35496K, reserved 1081344K
  class space    used 4385K, capacity 4718K, committed 4736K, reserved 1048576K
Event: 4.672 GC heap after
Heap after GC invocations=9 (full 1):
 PSYoungGen      total 301056K, used 11506K [0x000000076b400000, 0x000000077f000000, 0x00000007c0000000)
  eden space 288768K, 0% used [0x000000076b400000,0x000000076b400000,0x000000077ce00000)
  from space 12288K, 93% used [0x000000077db80000,0x000000077e6bca58,0x000000077e780000)
  to   space 13824K, 0% used [0x000000077ce00000,0x000000077ce00000,0x000000077db80000)
 ParOldGen       total 102912K, used 10472K [0x00000006c1c00000, 0x00000006c8080000, 0x000000076b400000)
  object space 102912K, 10% used [0x00000006c1c00000,0x00000006c263a218,0x00000006c8080000)
 Metaspace       used 33679K, capacity 35450K, committed 35496K, reserved 1081344K
  class space    used 4385K, capacity 4718K, committed 4736K, reserved 1048576K
}
Event: 4.672 GC heap before
{Heap before GC invocations=10 (full 2):
 PSYoungGen      total 301056K, used 11506K [0x000000076b400000, 0x000000077f000000, 0x00000007c0000000)
  eden space 288768K, 0% used [0x000000076b400000,0x000000076b400000,0x000000077ce00000)
  from space 12288K, 93% used [0x000000077db80000,0x000000077e6bca58,0x000000077e780000)
  to   space 13824K, 0% used [0x000000077ce00000,0x000000077ce00000,0x000000077db80000)
 ParOldGen       total 102912K, used 10472K [0x00000006c1c00000, 0x00000006c8080000, 0x000000076b400000)
  object space 102912K, 10% used [0x00000006c1c00000,0x00000006c263a218,0x00000006c8080000)
 Metaspace       used 33679K, capacity 35450K, committed 35496K, reserved 1081344K
  class space    used 4385K, capacity 4718K, committed 4736K, reserved 1048576K
Event: 4.722 GC heap after
Heap after GC invocations=10 (full 2):
 PSYoungGen      total 301056K, used 0K [0x000000076b400000, 0x000000077f000000, 0x00000007c0000000)
  eden space 288768K, 0% used [0x000000076b400000,0x000000076b400000,0x000000077ce00000)
  from space 12288K, 0% used [0x000000077db80000,0x000000077db80000,0x000000077e780000)
  to   space 13824K, 0% used [0x000000077ce00000,0x000000077ce00000,0x000000077db80000)
 ParOldGen       total 161280K, used 16124K [0x00000006c1c00000, 0x00000006cb980000, 0x000000076b400000)
  object space 161280K, 9% used [0x00000006c1c00000,0x00000006c2bbf180,0x00000006cb980000)
 Metaspace       used 33679K, capacity 35450K, committed 35496K, reserved 1081344K
  class space    used 4385K, capacity 4718K, committed 4736K, reserved 1048576K
}
Event: 5.992 GC heap before
{Heap before GC invocations=11 (full 2):
 PSYoungGen      total 301056K, used 288768K [0x000000076b400000, 0x000000077f000000, 0x00000007c0000000)
  eden space 288768K, 100% used [0x000000076b400000,0x000000077ce00000,0x000000077ce00000)
  from space 12288K, 0% used [0x000000077db80000,0x000000077db80000,0x000000077e780000)
  to   space 13824K, 0% used [0x000000077ce00000,0x000000077ce00000,0x000000077db80000)
 ParOldGen       total 161280K, used 16124K [0x00000006c1c00000, 0x00000006cb980000, 0x000000076b400000)
  object space 161280K, 9% used [0x00000006c1c00000,0x00000006c2bbf180,0x00000006cb980000)
 Metaspace       used 46866K, capacity 49216K, committed 49536K, reserved 1091584K
  class space    used 6298K, capacity 6747K, committed 6784K, reserved 1048576K
Event: 6.008 GC heap after
Heap after GC invocations=11 (full 2):
 PSYoungGen      total 302592K, used 13792K [0x000000076b400000, 0x0000000783e00000, 0x00000007c0000000)
  eden space 288768K, 0% used [0x000000076b400000,0x000000076b400000,0x000000077ce00000)
  from space 13824K, 99% used [0x000000077ce00000,0x000000077db78070,0x000000077db80000)
  to   space 16896K, 0% used [0x0000000782d80000,0x0000000782d80000,0x0000000783e00000)
 ParOldGen       total 161280K, used 18453K [0x00000006c1c00000, 0x00000006cb980000, 0x000000076b400000)
  object space 161280K, 11% used [0x00000006c1c00000,0x00000006c2e056f8,0x00000006cb980000)
 Metaspace       used 46866K, capacity 49216K, committed 49536K, reserved 1091584K
  class space    used 6298K, capacity 6747K, committed 6784K, reserved 1048576K
}
Event: 131.524 GC heap before
{Heap before GC invocations=12 (full 2):
 PSYoungGen      total 302592K, used 227100K [0x000000076b400000, 0x0000000783e00000, 0x00000007c0000000)
  eden space 288768K, 73% used [0x000000076b400000,0x000000077844f180,0x000000077ce00000)
  from space 13824K, 99% used [0x000000077ce00000,0x000000077db78070,0x000000077db80000)
  to   space 16896K, 0% used [0x0000000782d80000,0x0000000782d80000,0x0000000783e00000)
 ParOldGen       total 161280K, used 18453K [0x00000006c1c00000, 0x00000006cb980000, 0x000000076b400000)
  object space 161280K, 11% used [0x00000006c1c00000,0x00000006c2e056f8,0x00000006cb980000)
 Metaspace       used 56210K, capacity 59060K, committed 59136K, reserved 1099776K
  class space    used 7614K, capacity 8125K, committed 8192K, reserved 1048576K
Event: 131.546 GC heap after
Heap after GC invocations=12 (full 2):
 PSYoungGen      total 374784K, used 16846K [0x000000076b400000, 0x0000000783e00000, 0x00000007c0000000)
  eden space 357888K, 0% used [0x000000076b400000,0x000000076b400000,0x0000000781180000)
  from space 16896K, 99% used [0x0000000782d80000,0x0000000783df3a18,0x0000000783e00000)
  to   space 18944K, 0% used [0x0000000781900000,0x0000000781900000,0x0000000782b80000)
 ParOldGen       total 161280K, used 18461K [0x00000006c1c00000, 0x00000006cb980000, 0x000000076b400000)
  object space 161280K, 11% used [0x00000006c1c00000,0x00000006c2e076f8,0x00000006cb980000)
 Metaspace       used 56210K, capacity 59060K, committed 59136K, reserved 1099776K
  class space    used 7614K, capacity 8125K, committed 8192K, reserved 1048576K
}
Event: 131.546 GC heap before
{Heap before GC invocations=13 (full 3):
 PSYoungGen      total 374784K, used 16846K [0x000000076b400000, 0x0000000783e00000, 0x00000007c0000000)
  eden space 357888K, 0% used [0x000000076b400000,0x000000076b400000,0x0000000781180000)
  from space 16896K, 99% used [0x0000000782d80000,0x0000000783df3a18,0x0000000783e00000)
  to   space 18944K, 0% used [0x0000000781900000,0x0000000781900000,0x0000000782b80000)
 ParOldGen       total 161280K, used 18461K [0x00000006c1c00000, 0x00000006cb980000, 0x000000076b400000)
  object space 161280K, 11% used [0x00000006c1c00000,0x00000006c2e076f8,0x00000006cb980000)
 Metaspace       used 56210K, capacity 59060K, committed 59136K, reserved 1099776K
  class space    used 7614K, capacity 8125K, committed 8192K, reserved 1048576K
Event: 131.712 GC heap after
Heap after GC invocations=13 (full 3):
 PSYoungGen      total 374784K, used 0K [0x000000076b400000, 0x0000000783e00000, 0x00000007c0000000)
  eden space 357888K, 0% used [0x000000076b400000,0x000000076b400000,0x0000000781180000)
  from space 16896K, 0% used [0x0000000782d80000,0x0000000782d80000,0x0000000783e00000)
  to   space 18944K, 0% used [0x0000000781900000,0x0000000781900000,0x0000000782b80000)
 ParOldGen       total 219648K, used 28287K [0x00000006c1c00000, 0x00000006cf280000, 0x000000076b400000)
  object space 219648K, 12% used [0x00000006c1c00000,0x00000006c379fc90,0x00000006cf280000)
 Metaspace       used 56210K, capacity 59060K, committed 59136K, reserved 1099776K
  class space    used 7614K, capacity 8125K, committed 8192K, reserved 1048576K
}

